<?xml version="1.0" encoding="UTF-8"?>
<!-- Generated by org.testng.reporters.JUnitReportReporter -->
<testsuite skipped="0" hostname="INDV037608" name="com.test.automation.MA.Home.TC002_VerifyTest2" tests="1" failures="0" timestamp="26 Jan 2018 17:44:10 GMT" time="12.374" errors="0">
  <testcase name="test_Test2" time="12.374" classname="com.test.automation.MA.Home.TC002_VerifyTest2"/>
</testsuite> <!-- com.test.automation.MA.Home.TC002_VerifyTest2 -->
