<?xml version="1.0" encoding="UTF-8"?>
<!-- Generated by org.testng.reporters.JUnitReportReporter -->
<testsuite skipped="0" hostname="INDV037608" name="com.test.automation.MA.Home.Welcome" tests="1" failures="0" timestamp="17 Jan 2018 07:46:26 GMT" time="13.384" errors="0">
  <testcase name="launchbrowser" time="13.384" classname="com.test.automation.MA.Home.Welcome"/>
</testsuite> <!-- com.test.automation.MA.Home.Welcome -->
