<?xml version="1.0" encoding="UTF-8"?>
<!-- Generated by org.testng.reporters.JUnitReportReporter -->
<testsuite skipped="0" hostname="INDV037608" name="com.test.automation.MA.Home.TC001_LoginToMA" tests="1" failures="0" timestamp="26 Jan 2018 17:44:10 GMT" time="16.612" errors="0">
  <testcase name="test_loginToMA" time="16.612" classname="com.test.automation.MA.Home.TC001_LoginToMA"/>
</testsuite> <!-- com.test.automation.MA.Home.TC001_LoginToMA -->
