<?xml version="1.0" encoding="UTF-8"?>
<!-- Generated by org.testng.reporters.JUnitReportReporter -->
<testsuite skipped="0" hostname="INDV037608" name="com.TestAutomation.MA.Home.TC002_VerifyTest2" tests="1" failures="0" timestamp="09 Feb 2018 07:00:13 GMT" time="8.881" errors="0">
  <testcase name="test_Test2" time="8.881" classname="com.TestAutomation.MA.Home.TC002_VerifyTest2"/>
</testsuite> <!-- com.TestAutomation.MA.Home.TC002_VerifyTest2 -->
