<?xml version="1.0" encoding="UTF-8"?>
<!-- Generated by org.testng.reporters.JUnitReportReporter -->
<testsuite hostname="IN-Sachinhiremath.local" name="com.TestAutomation.MA.Home.Example" tests="1" failures="0" timestamp="24 Apr 2019 07:16:14 GMT" time="40.194" errors="0">
  <testcase name="TC_002" time="40.194" classname="com.TestAutomation.MA.Home.Example"/>
</testsuite> <!-- com.TestAutomation.MA.Home.Example -->
