<?xml version="1.0" encoding="UTF-8"?>
<!-- Generated by org.testng.reporters.JUnitReportReporter -->
<testsuite hostname="IN-Sachinhiremath.local" name="com.TestAutomation.MA.Home.MMT_TestCases" tests="1" failures="0" timestamp="24 Apr 2019 14:26:10 GMT" time="36.653" errors="0">
  <testcase name="TC_001" time="36.653" classname="com.TestAutomation.MA.Home.MMT_TestCases"/>
</testsuite> <!-- com.TestAutomation.MA.Home.MMT_TestCases -->
